-------------------------------------------------------------------------------
Test set: edu.eci.arsw.blueprints.test.services.ApplicationServicesTests
-------------------------------------------------------------------------------
Tests run: 1, Failures: 0, Errors: 1, Skipped: 0, Time elapsed: 0.59 s <<< FAILURE! - in edu.eci.arsw.blueprints.test.services.ApplicationServicesTests
initializationError(edu.eci.arsw.blueprints.test.services.ApplicationServicesTests)  Time elapsed: 0.009 s  <<< ERROR!
java.lang.IllegalStateException: Unable to find a @SpringBootConfiguration, you need to use @ContextConfiguration or @SpringBootTest(classes=...) with your test

